2026-03-14 11:11:32,791 [INFO] ==================================================
2026-03-14 11:11:32,791 [INFO] SYNC WAKFULI
2026-03-14 11:11:32,792 [INFO] ==================================================
2026-03-14 11:11:32,948 [INFO] Version : 1.91.1.53
2026-03-14 11:11:32,950 [INFO] --- ITEMS ---
2026-03-14 11:11:33,288 [INFO]   p1/77: +100 = 100
2026-03-14 11:11:34,091 [INFO]   p2/77: +100 = 200
2026-03-14 11:11:34,819 [INFO]   p3/77: +100 = 300
2026-03-14 11:11:35,589 [INFO]   p4/77: +100 = 400
2026-03-14 11:11:36,329 [INFO]   p5/77: +100 = 500
2026-03-14 11:11:37,077 [INFO]   p6/77: +100 = 600
2026-03-14 11:11:37,899 [INFO]   p7/77: +100 = 700
2026-03-14 11:11:38,886 [INFO]   p8/77: +100 = 800
2026-03-14 11:11:39,640 [INFO]   p9/77: +100 = 900
2026-03-14 11:11:40,405 [INFO]   p10/77: +100 = 1000
2026-03-14 11:11:41,223 [INFO]   p11/77: +100 = 1100
2026-03-14 11:11:41,957 [INFO]   p12/77: +100 = 1200
2026-03-14 11:11:42,766 [INFO]   p13/77: +100 = 1300
2026-03-14 11:11:43,619 [INFO]   p14/77: +100 = 1400
2026-03-14 11:11:44,404 [INFO]   p15/77: +100 = 1500
2026-03-14 11:11:45,151 [INFO]   p16/77: +100 = 1600
