2026-03-14 10:17:26,038 [INFO] ============================================================
2026-03-14 10:17:26,039 [INFO] WAKFULI SYNC -- Extraction complete
2026-03-14 10:17:26,039 [INFO] Date : 2026-03-14 10:17:26
2026-03-14 10:17:26,039 [INFO] Projet : H:\Code\Ankama Dev\wakfu-optimizer
2026-03-14 10:17:26,039 [INFO] Destination : H:\Code\Ankama Dev\wakfu-optimizer\data\wakfuli
2026-03-14 10:17:26,039 [INFO] ============================================================
2026-03-14 10:17:26,039 [INFO] Recuperation de la version du jeu...
2026-03-14 10:17:26,179 [INFO] Version du jeu : 1.91.1.53
2026-03-14 10:17:26,179 [INFO] Sauvegarde : H:\Code\Ankama Dev\wakfu-optimizer\data\wakfuli\version.json (0.00 MB)
2026-03-14 10:17:26,179 [INFO] ============================================================
2026-03-14 10:17:26,179 [INFO] EXTRACTION DES ITEMS
2026-03-14 10:17:26,180 [INFO] ============================================================
2026-03-14 10:17:26,180 [INFO] [Items] Requete page 1...
2026-03-14 10:17:26,479 [INFO] [Items] Total: 7686 entrees sur 77 pages
2026-03-14 10:17:26,479 [INFO] [Items] Page 1/77 -- 100/7686 recuperes
2026-03-14 10:17:26,789 [INFO] [Items] Requete page 2/77...
2026-03-14 10:17:27,065 [INFO] [Items] Page 2/77 -- 200/7686 recuperes
2026-03-14 10:17:27,378 [INFO] [Items] Requete page 3/77...
2026-03-14 10:17:27,623 [INFO] [Items] Page 3/77 -- 300/7686 recuperes
2026-03-14 10:17:27,923 [INFO] [Items] Requete page 4/77...
2026-03-14 10:17:28,376 [INFO] [Items] Page 4/77 -- 400/7686 recuperes
2026-03-14 10:17:28,683 [INFO] [Items] Requete page 5/77...
2026-03-14 10:17:29,208 [INFO] [Items] Page 5/77 -- 500/7686 recuperes
2026-03-14 10:17:29,522 [INFO] [Items] Requete page 6/77...
2026-03-14 10:17:29,747 [INFO] [Items] Page 6/77 -- 600/7686 recuperes
2026-03-14 10:17:30,051 [INFO] [Items] Requete page 7/77...
2026-03-14 10:17:30,496 [INFO] [Items] Page 7/77 -- 700/7686 recuperes
2026-03-14 10:17:30,798 [INFO] [Items] Requete page 8/77...
2026-03-14 10:17:31,092 [INFO] [Items] Page 8/77 -- 800/7686 recuperes
2026-03-14 10:17:31,404 [INFO] [Items] Requete page 9/77...
2026-03-14 10:17:31,668 [INFO] [Items] Page 9/77 -- 900/7686 recuperes
2026-03-14 10:17:31,981 [INFO] [Items] Requete page 10/77...
2026-03-14 10:17:32,324 [INFO] [Items] Page 10/77 -- 1000/7686 recuperes
2026-03-14 10:17:32,636 [INFO] [Items] Requete page 11/77...
2026-03-14 10:17:32,876 [INFO] [Items] Page 11/77 -- 1100/7686 recuperes
2026-03-14 10:17:33,183 [INFO] [Items] Requete page 12/77...
2026-03-14 10:17:33,428 [INFO] [Items] Page 12/77 -- 1200/7686 recuperes
2026-03-14 10:17:33,741 [INFO] [Items] Requete page 13/77...
2026-03-14 10:17:34,039 [INFO] [Items] Page 13/77 -- 1300/7686 recuperes
2026-03-14 10:17:34,348 [INFO] [Items] Requete page 14/77...
2026-03-14 10:17:34,609 [INFO] [Items] Page 14/77 -- 1400/7686 recuperes
2026-03-14 10:17:34,923 [INFO] [Items] Requete page 15/77...
2026-03-14 10:17:35,182 [INFO] [Items] Page 15/77 -- 1500/7686 recuperes
2026-03-14 10:17:35,484 [INFO] [Items] Requete page 16/77...
2026-03-14 10:17:35,761 [INFO] [Items] Page 16/77 -- 1600/7686 recuperes
2026-03-14 10:17:36,075 [INFO] [Items] Requete page 17/77...
2026-03-14 10:17:36,351 [INFO] [Items] Page 17/77 -- 1700/7686 recuperes
2026-03-14 10:17:36,652 [INFO] [Items] Requete page 18/77...
2026-03-14 10:17:36,937 [INFO] [Items] Page 18/77 -- 1800/7686 recuperes
2026-03-14 10:17:37,241 [INFO] [Items] Requete page 19/77...
2026-03-14 10:17:37,514 [INFO] [Items] Page 19/77 -- 1900/7686 recuperes
2026-03-14 10:17:37,817 [INFO] [Items] Requete page 20/77...
2026-03-14 10:17:38,061 [INFO] [Items] Page 20/77 -- 2000/7686 recuperes
