2026-03-14 09:55:35,644 [INFO] ============================================================
2026-03-14 09:55:35,644 [INFO] WAKFULI SYNC -- Extraction complete
2026-03-14 09:55:35,644 [INFO] Date : 2026-03-14 09:55:35
2026-03-14 09:55:35,644 [INFO] Projet : H:\Code\Ankama Dev\wakfu-optimizer
2026-03-14 09:55:35,645 [INFO] Destination : H:\Code\Ankama Dev\wakfu-optimizer\data\wakfuli
2026-03-14 09:55:35,645 [INFO] ============================================================
2026-03-14 09:55:35,645 [INFO] Recuperation de la version du jeu...
2026-03-14 09:55:35,803 [INFO] Version du jeu : 1.91.1.53
2026-03-14 09:55:35,804 [INFO] Sauvegarde : H:\Code\Ankama Dev\wakfu-optimizer\data\wakfuli\version.json (0.00 MB)
2026-03-14 09:55:35,804 [INFO] ============================================================
2026-03-14 09:55:35,804 [INFO] EXTRACTION DES ITEMS
2026-03-14 09:55:35,804 [INFO] ============================================================
2026-03-14 09:55:35,804 [INFO] [Items] Requete page 1...
2026-03-14 09:55:36,222 [INFO] [Items] Total: 7686 entrees sur 77 pages
2026-03-14 09:55:36,223 [INFO] [Items] Page 1/77 -- 100/7686 recuperes
2026-03-14 09:55:36,538 [INFO] [Items] Requete page 2/77...
2026-03-14 09:55:36,842 [INFO] [Items] Page 2/77 -- 200/7686 recuperes
2026-03-14 09:55:37,147 [INFO] [Items] Requete page 3/77...
2026-03-14 09:55:37,399 [INFO] [Items] Page 3/77 -- 300/7686 recuperes
2026-03-14 09:55:37,709 [INFO] [Items] Requete page 4/77...
2026-03-14 09:55:37,979 [INFO] [Items] Page 4/77 -- 400/7686 recuperes
2026-03-14 09:55:38,282 [INFO] [Items] Requete page 5/77...
2026-03-14 09:55:38,544 [INFO] [Items] Page 5/77 -- 500/7686 recuperes
2026-03-14 09:55:38,858 [INFO] [Items] Requete page 6/77...
2026-03-14 09:55:39,093 [INFO] [Items] Page 6/77 -- 600/7686 recuperes
2026-03-14 09:55:39,404 [INFO] [Items] Requete page 7/77...
2026-03-14 09:55:40,039 [INFO] [Items] Page 7/77 -- 700/7686 recuperes
2026-03-14 09:55:40,354 [INFO] [Items] Requete page 8/77...
2026-03-14 09:55:40,688 [INFO] [Items] Page 8/77 -- 800/7686 recuperes
2026-03-14 09:55:40,992 [INFO] [Items] Requete page 9/77...
2026-03-14 09:55:41,227 [INFO] [Items] Page 9/77 -- 900/7686 recuperes
2026-03-14 09:55:41,540 [INFO] [Items] Requete page 10/77...
2026-03-14 09:55:41,811 [INFO] [Items] Page 10/77 -- 1000/7686 recuperes
2026-03-14 09:55:42,115 [INFO] [Items] Requete page 11/77...
2026-03-14 09:55:42,350 [INFO] [Items] Page 11/77 -- 1100/7686 recuperes
2026-03-14 09:55:42,659 [INFO] [Items] Requete page 12/77...
2026-03-14 09:55:42,937 [INFO] [Items] Page 12/77 -- 1200/7686 recuperes
2026-03-14 09:55:43,250 [INFO] [Items] Requete page 13/77...
2026-03-14 09:55:43,513 [INFO] [Items] Page 13/77 -- 1300/7686 recuperes
2026-03-14 09:55:43,822 [INFO] [Items] Requete page 14/77...
2026-03-14 09:55:44,100 [INFO] [Items] Page 14/77 -- 1400/7686 recuperes
2026-03-14 09:55:44,410 [INFO] [Items] Requete page 15/77...
2026-03-14 09:55:44,655 [INFO] [Items] Page 15/77 -- 1500/7686 recuperes
2026-03-14 09:55:44,968 [INFO] [Items] Requete page 16/77...
2026-03-14 09:55:45,234 [INFO] [Items] Page 16/77 -- 1600/7686 recuperes
2026-03-14 09:55:45,546 [INFO] [Items] Requete page 17/77...
